{
  "/Users/derek/codebase/receipt-processor/src/application/core/domain/repositories/InMemoryReceiptRepository.ts": {
    "path": "/Users/derek/codebase/receipt-processor/src/application/core/domain/repositories/InMemoryReceiptRepository.ts",
    "statementMap": {
      "0": {
        "start": { "line": 13, "column": 10 },
        "end": { "line": 14, "column": 14 }
      },
      "1": {
        "start": { "line": 24, "column": 4 },
        "end": { "line": 24, "column": 47 }
      },
      "2": {
        "start": { "line": 25, "column": 4 },
        "end": { "line": 25, "column": 14 }
      },
      "3": {
        "start": { "line": 36, "column": 25 },
        "end": { "line": 36, "column": 46 }
      },
      "4": {
        "start": { "line": 37, "column": 4 },
        "end": { "line": 39, "column": 5 }
      },
      "5": {
        "start": { "line": 38, "column": 6 },
        "end": { "line": 38, "column": 18 }
      },
      "6": {
        "start": { "line": 40, "column": 4 },
        "end": { "line": 40, "column": 43 }
      },
      "7": {
        "start": { "line": 9, "column": 0 },
        "end": { "line": 9, "column": 13 }
      }
    },
    "fnMap": {
      "0": {
        "name": "(anonymous_0)",
        "decl": {
          "start": { "line": 9, "column": 0 },
          "end": { "line": 9, "column": 13 }
        },
        "loc": {
          "start": { "line": 9, "column": 0 },
          "end": { "line": 42, "column": 1 }
        }
      },
      "1": {
        "name": "(anonymous_1)",
        "decl": {
          "start": { "line": 23, "column": 2 },
          "end": { "line": 23, "column": 6 }
        },
        "loc": {
          "start": { "line": 23, "column": 51 },
          "end": { "line": 26, "column": 3 }
        }
      },
      "2": {
        "name": "(anonymous_2)",
        "decl": {
          "start": { "line": 35, "column": 2 },
          "end": { "line": 35, "column": 6 }
        },
        "loc": {
          "start": { "line": 35, "column": 17 },
          "end": { "line": 41, "column": 3 }
        }
      }
    },
    "branchMap": {
      "0": {
        "loc": {
          "start": { "line": 37, "column": 4 },
          "end": { "line": 39, "column": 5 }
        },
        "type": "if",
        "locations": [
          {
            "start": { "line": 37, "column": 4 },
            "end": { "line": 39, "column": 5 }
          }
        ]
      }
    },
    "s": { "0": 5, "1": 5, "2": 5, "3": 3, "4": 3, "5": 2, "6": 1, "7": 1 },
    "f": { "0": 5, "1": 5, "2": 3 },
    "b": { "0": [2] }
  }
}
